<?xml version="1.0" encoding="UTF-8" ?>
<testsuite tests="12" failures="0" name="alignWebsite.alignprivate.WorkExperiencesDaoTest" time="0.444" errors="0" skipped="0">
  <properties>
[...]
</properties>
  <testcase classname="alignWebsite.alignprivate.WorkExperiencesDaoTest" name="getStudentEmployersTest" time="0.041"/>
  <testcase classname="alignWebsite.alignprivate.WorkExperiencesDaoTest" name="deleteNonExistWorkExperience" time="0.031"/>
  <testcase classname="alignWebsite.alignprivate.WorkExperiencesDaoTest" name="updateNonExistWorkExperience" time="0.023"/>
  <testcase classname="alignWebsite.alignprivate.WorkExperiencesDaoTest" name="getStudentsWorkingInACompanyTest" time="0.04"/>
  <testcase classname="alignWebsite.alignprivate.WorkExperiencesDaoTest" name="getStudentCoopCompaniesTest" time="0.053"/>
  <testcase classname="alignWebsite.alignprivate.WorkExperiencesDaoTest" name="getStudentCurrentCompaniesTest" time="0.052"/>
  <testcase classname="alignWebsite.alignprivate.WorkExperiencesDaoTest" name="getTotalStudentsGotJobTest" time="0.029"/>
  <testcase classname="alignWebsite.alignprivate.WorkExperiencesDaoTest" name="getTopTenEmployersTest" time="0.053"/>
  <testcase classname="alignWebsite.alignprivate.WorkExperiencesDaoTest" name="getWorkExperienceIdTest" time="0.026"/>
  <testcase classname="alignWebsite.alignprivate.WorkExperiencesDaoTest" name="getWorkExperiencesByNeuIdTest" time="0.023"/>
  <testcase classname="alignWebsite.alignprivate.WorkExperiencesDaoTest" name="createUpdateDeleteWorkExperience" time="0.036"/>
  <testcase classname="alignWebsite.alignprivate.WorkExperiencesDaoTest" name="getWorkExperiencesWithPrivacyTest" time="0.037"/>
</testsuite>