<?xml version="1.0" encoding="UTF-8" ?>
<testsuite tests="50" failures="3" name="alignWebsite.alignadmin.AdminTest" time="0.962" errors="0" skipped="0">
  <properties>
[...]
</properties>
  <testcase classname="alignWebsite.alignadmin.AdminTest" name="getStudentProfileTest" time="0.137"/>
  <testcase classname="alignWebsite.alignadmin.AdminTest" name="getStudentProfileTest2" time="0.014"/>
  <testcase classname="alignWebsite.alignadmin.AdminTest" name="getGenderRatioTest" time="0.022"/>
  <testcase classname="alignWebsite.alignadmin.AdminTest" name="getGenderRatioTest2" time="0.016"/>
  <testcase classname="alignWebsite.alignadmin.AdminTest" name="getGenderRatioTest3" time="0.014"/>
  <testcase classname="alignWebsite.alignadmin.AdminTest" name="getTopBachelorDegreeTest" time="0.021"/>
  <testcase classname="alignWebsite.alignadmin.AdminTest" name="getTopBachelorDegreeTest2" time="0.014"/>
  <testcase classname="alignWebsite.alignadmin.AdminTest" name="getTopBachelorDegreeTest21" time="0.014"/>
  <testcase classname="alignWebsite.alignadmin.AdminTest" name="getTopBachelorDegreeTest3" time="0.025"/>
  <testcase classname="alignWebsite.alignadmin.AdminTest" name="getTopBachelorDegreeTest32" time="0.018"/>
  <testcase classname="alignWebsite.alignadmin.AdminTest" name="getTopBachelorDegreeTest4" time="0.025"/>
  <testcase classname="alignWebsite.alignadmin.AdminTest" name="getTopBachelorDegreeTest42" time="0.018"/>
  <testcase classname="alignWebsite.alignadmin.AdminTest" name="getTopBachelorDegreeTest5" time="0.022"/>
  <testcase classname="alignWebsite.alignadmin.AdminTest" name="getTopEmployersTest" time="0.023"/>
  <testcase classname="alignWebsite.alignadmin.AdminTest" name="getTopEmployersTest2" time="0.022"/>
  <testcase classname="alignWebsite.alignadmin.AdminTest" name="getTopEmployersTest21" time="0.017"/>
  <testcase classname="alignWebsite.alignadmin.AdminTest" name="getTopEmployersTest3" time="0.022"/>
  <testcase classname="alignWebsite.alignadmin.AdminTest" name="getTopEmployersTest4" time="0.018"/>
  <testcase classname="alignWebsite.alignadmin.AdminTest" name="getTopEmployersTest41" time="0.021"/>
  <testcase classname="alignWebsite.alignadmin.AdminTest" name="getTopElectivesTest" time="0.019"/>
  <testcase classname="alignWebsite.alignadmin.AdminTest" name="getTopElectivesTest2" time="0.018"/>
  <testcase classname="alignWebsite.alignadmin.AdminTest" name="getTopElectivesTest21" time="0.014"/>
  <testcase classname="alignWebsite.alignadmin.AdminTest" name="getTopElectivesTest3" time="0.016"/>
  <testcase classname="alignWebsite.alignadmin.AdminTest" name="getTopElectivesTest31" time="0.013"/>
  <testcase classname="alignWebsite.alignadmin.AdminTest" name="getTopElectivesTest4" time="0.016"/>
  <testcase classname="alignWebsite.alignadmin.AdminTest" name="getCoopStudentsTest" time="0.017"/>
  <testcase classname="alignWebsite.alignadmin.AdminTest" name="getCoopStudentsTest1" time="0.013"/>
  <testcase classname="alignWebsite.alignadmin.AdminTest" name="getCoopStudentsTest2" time="0.018"/>
  <testcase classname="alignWebsite.alignadmin.AdminTest" name="getCoopStudentsTest21" time="0.013"/>
  <testcase classname="alignWebsite.alignadmin.AdminTest" name="getCoopStudentsTest3" time="0.013"/>
  <testcase classname="alignWebsite.alignadmin.AdminTest" name="getCoopStudentsTest31" time="0.015"/>
  <testcase classname="alignWebsite.alignadmin.AdminTest" name="getStudentWorkingFullTimeTest" time="0.015"/>
  <testcase classname="alignWebsite.alignadmin.AdminTest" name="getStudentWorkingFullTimeTest1" time="0.015"/>
  <testcase classname="alignWebsite.alignadmin.AdminTest" name="getStudentWorkingFullTimeTest2" time="0.015"/>
  <testcase classname="alignWebsite.alignadmin.AdminTest" name="getStudentWorkingFullTimeTest21" time="0.013"/>
  <testcase classname="alignWebsite.alignadmin.AdminTest" name="getStudentWorkingFullTimeTest3" time="0.014"/>
  <testcase classname="alignWebsite.alignadmin.AdminTest" name="getStudentundergradInstitutuinsTest" time="0.018"/>
  <testcase classname="alignWebsite.alignadmin.AdminTest" name="getStudentundergradInstitutuinsTest1" time="0.017"/>
  <testcase classname="alignWebsite.alignadmin.AdminTest" name="getStudentundergradInstitutuinsTest2" time="0.011"/>
  <testcase classname="alignWebsite.alignadmin.AdminTest" name="getStudentundergradInstitutuinsTest3" time="0.012"/>
  <testcase classname="alignWebsite.alignadmin.AdminTest" name="getStudentsWorkingForACompanyTest" time="0.016"/>
  <testcase classname="alignWebsite.alignadmin.AdminTest" name="getStudentsWorkingForACompanyTest1" time="0.012"/>
  <testcase classname="alignWebsite.alignadmin.AdminTest" name="getStudentsWorkingForACompanyTest2" time="0.016"/>
  <testcase classname="alignWebsite.alignadmin.AdminTest" name="getStudentsWorkingForACompanyTest21" time="0.012"/>
  <testcase classname="alignWebsite.alignadmin.AdminTest" name="getStudentsWorkingForACompanyTest3" time="0.012"/>
  <testcase classname="alignWebsite.alignadmin.AdminTest" name="getStudentsWorkingForACompanyTest31" time="0.012"/>
  <testcase classname="alignWebsite.alignadmin.AdminTest" name="createNoteTest" time="0.019">
    <failure message="expected:&lt;404&gt; but was:&lt;200&gt;" type="junit.framework.AssertionFailedError">junit.framework.AssertionFailedError: expected:&lt;404&gt; but was:&lt;200&gt;
	at junit.framework.Assert.fail(Assert.java:47)
	at junit.framework.Assert.failNotEquals(Assert.java:283)
	at junit.framework.Assert.assertEquals(Assert.java:64)
	at junit.framework.Assert.assertEquals(Assert.java:195)
	at junit.framework.Assert.assertEquals(Assert.java:201)
	at alignWebsite.alignadmin.AdminTest.createNoteTest(AdminTest.java:665)
	at sun.reflect.NativeMethodAccessorImpl.invoke0(Native Method)
	at sun.reflect.NativeMethodAccessorImpl.invoke(NativeMethodAccessorImpl.java:62)
	at sun.reflect.DelegatingMethodAccessorImpl.invoke(DelegatingMethodAccessorImpl.java:43)
	at java.lang.reflect.Method.invoke(Method.java:498)
	at org.junit.runners.model.FrameworkMethod$1.runReflectiveCall(FrameworkMethod.java:44)
	at org.junit.internal.runners.model.ReflectiveCallable.run(ReflectiveCallable.java:15)
	at org.junit.runners.model.FrameworkMethod.invokeExplosively(FrameworkMethod.java:41)
	at org.junit.internal.runners.statements.InvokeMethod.evaluate(InvokeMethod.java:20)
	at org.junit.internal.runners.statements.RunBefores.evaluate(RunBefores.java:28)
	at org.junit.internal.runners.statements.RunAfters.evaluate(RunAfters.java:31)
	at org.junit.runners.BlockJUnit4ClassRunner.runChild(BlockJUnit4ClassRunner.java:76)
	at org.junit.runners.BlockJUnit4ClassRunner.runChild(BlockJUnit4ClassRunner.java:50)
	at org.junit.runners.ParentRunner$3.run(ParentRunner.java:193)
	at org.junit.runners.ParentRunner$1.schedule(ParentRunner.java:52)
	at org.junit.runners.ParentRunner.runChildren(ParentRunner.java:191)
	at org.junit.runners.ParentRunner.access$000(ParentRunner.java:42)
	at org.junit.runners.ParentRunner$2.evaluate(ParentRunner.java:184)
	at org.junit.internal.runners.statements.RunBefores.evaluate(RunBefores.java:28)
	at org.junit.runners.ParentRunner.run(ParentRunner.java:236)
	at org.apache.maven.surefire.junit4.JUnit4Provider.execute(JUnit4Provider.java:252)
	at org.apache.maven.surefire.junit4.JUnit4Provider.executeTestSet(JUnit4Provider.java:141)
	at org.apache.maven.surefire.junit4.JUnit4Provider.invoke(JUnit4Provider.java:112)
	at sun.reflect.NativeMethodAccessorImpl.invoke0(Native Method)
	at sun.reflect.NativeMethodAccessorImpl.invoke(NativeMethodAccessorImpl.java:62)
	at sun.reflect.DelegatingMethodAccessorImpl.invoke(DelegatingMethodAccessorImpl.java:43)
	at java.lang.reflect.Method.invoke(Method.java:498)
	at org.apache.maven.surefire.util.ReflectionUtils.invokeMethodWithArray(ReflectionUtils.java:189)
	at org.apache.maven.surefire.booter.ProviderFactory$ProviderProxy.invoke(ProviderFactory.java:165)
	at org.apache.maven.surefire.booter.ProviderFactory.invokeProvider(ProviderFactory.java:85)
	at org.apache.maven.surefire.booter.ForkedBooter.runSuitesInProcess(ForkedBooter.java:115)
	at org.apache.maven.surefire.booter.ForkedBooter.main(ForkedBooter.java:75)
</failure>
  </testcase>
  <testcase classname="alignWebsite.alignadmin.AdminTest" name="createNoteTest2" time="0.018">
    <failure message="expected:&lt;404&gt; but was:&lt;500&gt;" type="junit.framework.AssertionFailedError">junit.framework.AssertionFailedError: expected:&lt;404&gt; but was:&lt;500&gt;
	at junit.framework.Assert.fail(Assert.java:47)
	at junit.framework.Assert.failNotEquals(Assert.java:283)
	at junit.framework.Assert.assertEquals(Assert.java:64)
	at junit.framework.Assert.assertEquals(Assert.java:195)
	at junit.framework.Assert.assertEquals(Assert.java:201)
	at alignWebsite.alignadmin.AdminTest.createNoteTest2(AdminTest.java:680)
	at sun.reflect.NativeMethodAccessorImpl.invoke0(Native Method)
	at sun.reflect.NativeMethodAccessorImpl.invoke(NativeMethodAccessorImpl.java:62)
	at sun.reflect.DelegatingMethodAccessorImpl.invoke(DelegatingMethodAccessorImpl.java:43)
	at java.lang.reflect.Method.invoke(Method.java:498)
	at org.junit.runners.model.FrameworkMethod$1.runReflectiveCall(FrameworkMethod.java:44)
	at org.junit.internal.runners.model.ReflectiveCallable.run(ReflectiveCallable.java:15)
	at org.junit.runners.model.FrameworkMethod.invokeExplosively(FrameworkMethod.java:41)
	at org.junit.internal.runners.statements.InvokeMethod.evaluate(InvokeMethod.java:20)
	at org.junit.internal.runners.statements.RunBefores.evaluate(RunBefores.java:28)
	at org.junit.internal.runners.statements.RunAfters.evaluate(RunAfters.java:31)
	at org.junit.runners.BlockJUnit4ClassRunner.runChild(BlockJUnit4ClassRunner.java:76)
	at org.junit.runners.BlockJUnit4ClassRunner.runChild(BlockJUnit4ClassRunner.java:50)
	at org.junit.runners.ParentRunner$3.run(ParentRunner.java:193)
	at org.junit.runners.ParentRunner$1.schedule(ParentRunner.java:52)
	at org.junit.runners.ParentRunner.runChildren(ParentRunner.java:191)
	at org.junit.runners.ParentRunner.access$000(ParentRunner.java:42)
	at org.junit.runners.ParentRunner$2.evaluate(ParentRunner.java:184)
	at org.junit.internal.runners.statements.RunBefores.evaluate(RunBefores.java:28)
	at org.junit.runners.ParentRunner.run(ParentRunner.java:236)
	at org.apache.maven.surefire.junit4.JUnit4Provider.execute(JUnit4Provider.java:252)
	at org.apache.maven.surefire.junit4.JUnit4Provider.executeTestSet(JUnit4Provider.java:141)
	at org.apache.maven.surefire.junit4.JUnit4Provider.invoke(JUnit4Provider.java:112)
	at sun.reflect.NativeMethodAccessorImpl.invoke0(Native Method)
	at sun.reflect.NativeMethodAccessorImpl.invoke(NativeMethodAccessorImpl.java:62)
	at sun.reflect.DelegatingMethodAccessorImpl.invoke(DelegatingMethodAccessorImpl.java:43)
	at java.lang.reflect.Method.invoke(Method.java:498)
	at org.apache.maven.surefire.util.ReflectionUtils.invokeMethodWithArray(ReflectionUtils.java:189)
	at org.apache.maven.surefire.booter.ProviderFactory$ProviderProxy.invoke(ProviderFactory.java:165)
	at org.apache.maven.surefire.booter.ProviderFactory.invokeProvider(ProviderFactory.java:85)
	at org.apache.maven.surefire.booter.ForkedBooter.runSuitesInProcess(ForkedBooter.java:115)
	at org.apache.maven.surefire.booter.ForkedBooter.main(ForkedBooter.java:75)
</failure>
  </testcase>
  <testcase classname="alignWebsite.alignadmin.AdminTest" name="createNoteTest3" time="0.018">
    <failure message="expected:&lt;404&gt; but was:&lt;500&gt;" type="junit.framework.AssertionFailedError">junit.framework.AssertionFailedError: expected:&lt;404&gt; but was:&lt;500&gt;
	at junit.framework.Assert.fail(Assert.java:47)
	at junit.framework.Assert.failNotEquals(Assert.java:283)
	at junit.framework.Assert.assertEquals(Assert.java:64)
	at junit.framework.Assert.assertEquals(Assert.java:195)
	at junit.framework.Assert.assertEquals(Assert.java:201)
	at alignWebsite.alignadmin.AdminTest.createNoteTest3(AdminTest.java:695)
	at sun.reflect.NativeMethodAccessorImpl.invoke0(Native Method)
	at sun.reflect.NativeMethodAccessorImpl.invoke(NativeMethodAccessorImpl.java:62)
	at sun.reflect.DelegatingMethodAccessorImpl.invoke(DelegatingMethodAccessorImpl.java:43)
	at java.lang.reflect.Method.invoke(Method.java:498)
	at org.junit.runners.model.FrameworkMethod$1.runReflectiveCall(FrameworkMethod.java:44)
	at org.junit.internal.runners.model.ReflectiveCallable.run(ReflectiveCallable.java:15)
	at org.junit.runners.model.FrameworkMethod.invokeExplosively(FrameworkMethod.java:41)
	at org.junit.internal.runners.statements.InvokeMethod.evaluate(InvokeMethod.java:20)
	at org.junit.internal.runners.statements.RunBefores.evaluate(RunBefores.java:28)
	at org.junit.internal.runners.statements.RunAfters.evaluate(RunAfters.java:31)
	at org.junit.runners.BlockJUnit4ClassRunner.runChild(BlockJUnit4ClassRunner.java:76)
	at org.junit.runners.BlockJUnit4ClassRunner.runChild(BlockJUnit4ClassRunner.java:50)
	at org.junit.runners.ParentRunner$3.run(ParentRunner.java:193)
	at org.junit.runners.ParentRunner$1.schedule(ParentRunner.java:52)
	at org.junit.runners.ParentRunner.runChildren(ParentRunner.java:191)
	at org.junit.runners.ParentRunner.access$000(ParentRunner.java:42)
	at org.junit.runners.ParentRunner$2.evaluate(ParentRunner.java:184)
	at org.junit.internal.runners.statements.RunBefores.evaluate(RunBefores.java:28)
	at org.junit.runners.ParentRunner.run(ParentRunner.java:236)
	at org.apache.maven.surefire.junit4.JUnit4Provider.execute(JUnit4Provider.java:252)
	at org.apache.maven.surefire.junit4.JUnit4Provider.executeTestSet(JUnit4Provider.java:141)
	at org.apache.maven.surefire.junit4.JUnit4Provider.invoke(JUnit4Provider.java:112)
	at sun.reflect.NativeMethodAccessorImpl.invoke0(Native Method)
	at sun.reflect.NativeMethodAccessorImpl.invoke(NativeMethodAccessorImpl.java:62)
	at sun.reflect.DelegatingMethodAccessorImpl.invoke(DelegatingMethodAccessorImpl.java:43)
	at java.lang.reflect.Method.invoke(Method.java:498)
	at org.apache.maven.surefire.util.ReflectionUtils.invokeMethodWithArray(ReflectionUtils.java:189)
	at org.apache.maven.surefire.booter.ProviderFactory$ProviderProxy.invoke(ProviderFactory.java:165)
	at org.apache.maven.surefire.booter.ProviderFactory.invokeProvider(ProviderFactory.java:85)
	at org.apache.maven.surefire.booter.ForkedBooter.runSuitesInProcess(ForkedBooter.java:115)
	at org.apache.maven.surefire.booter.ForkedBooter.main(ForkedBooter.java:75)
</failure>
  </testcase>
  <testcase classname="alignWebsite.alignadmin.AdminTest" name="searchTest" time="0.029"/>
</testsuite>